# JRE version: OpenJDK Runtime Environment (8.0_202) (build 1.8.0_202-release-1483-b49-5587405)
# Java VM: OpenJDK 64-Bit Server VM (25.202-b49-5587405 mixed mode linux-amd64 compressed oops)
Heap:
 PSYoungGen      total 409088K, used 0K [0x00000000e0000000, 0x0000000100000000, 0x0000000100000000)
  eden space 308224K, 0% used [0x00000000e0000000,0x00000000e0000000,0x00000000f2d00000)
  from space 100864K, 0% used [0x00000000f9d80000,0x00000000f9d80000,0x0000000100000000)
  to   space 108032K, 0% used [0x00000000f2d00000,0x00000000f2d00000,0x00000000f9680000)
 ParOldGen       total 523264K, used 515700K [0x00000000a0000000, 0x00000000bff00000, 0x00000000e0000000)
  object space 523264K, 98% used [0x00000000a0000000,0x00000000bf79d018,0x00000000bff00000)
 Metaspace       used 144859K, capacity 153168K, committed 153344K, reserved 1181696K
  class space    used 19088K, capacity 21146K, committed 21248K, reserved 1048576K
GC Heap History (10 events):
Event: 8648.157 GC heap after
Heap after GC invocations=71 (full 7):
 PSYoungGen      total 413696K, used 12377K [0x00000000e0000000, 0x0000000100000000, 0x0000000100000000)
  eden space 304640K, 0% used [0x00000000e0000000,0x00000000e0000000,0x00000000f2980000)
  from space 109056K, 11% used [0x00000000f9180000,0x00000000f9d96778,0x00000000ffc00000)
  to   space 106496K, 0% used [0x00000000f2980000,0x00000000f2980000,0x00000000f9180000)
 ParOldGen       total 523264K, used 396319K [0x00000000a0000000, 0x00000000bff00000, 0x00000000e0000000)
  object space 523264K, 75% used [0x00000000a0000000,0x00000000b8307ca0,0x00000000bff00000)
 Metaspace       used 141230K, capacity 149278K, committed 149760K, reserved 1177600K
  class space    used 18684K, capacity 20697K, committed 20736K, reserved 1048576K
}
Event: 8648.812 GC heap before
{Heap before GC invocations=72 (full 7):
 PSYoungGen      total 413696K, used 317017K [0x00000000e0000000, 0x0000000100000000, 0x0000000100000000)
  eden space 304640K, 100% used [0x00000000e0000000,0x00000000f2980000,0x00000000f2980000)
  from space 109056K, 11% used [0x00000000f9180000,0x00000000f9d96778,0x00000000ffc00000)
  to   space 106496K, 0% used [0x00000000f2980000,0x00000000f2980000,0x00000000f9180000)
 ParOldGen       total 523264K, used 396319K [0x00000000a0000000, 0x00000000bff00000, 0x00000000e0000000)
  object space 523264K, 75% used [0x00000000a0000000,0x00000000b8307ca0,0x00000000bff00000)
 Metaspace       used 141320K, capacity 149410K, committed 149760K, reserved 1177600K
  class space    used 18692K, capacity 20735K, committed 20736K, reserved 1048576K
Event: 8648.829 GC heap after
Heap after GC invocations=72 (full 7):
 PSYoungGen      total 411136K, used 13712K [0x00000000e0000000, 0x00000000ff680000, 0x0000000100000000)
  eden space 304640K, 0% used [0x00000000e0000000,0x00000000e0000000,0x00000000f2980000)
  from space 106496K, 12% used [0x00000000f2980000,0x00000000f36e4010,0x00000000f9180000)
  to   space 102912K, 0% used [0x00000000f9200000,0x00000000f9200000,0x00000000ff680000)
 ParOldGen       total 523264K, used 407915K [0x00000000a0000000, 0x00000000bff00000, 0x00000000e0000000)
  object space 523264K, 77% used [0x00000000a0000000,0x00000000b8e5aeb8,0x00000000bff00000)
 Metaspace       used 141320K, capacity 149410K, committed 149760K, reserved 1177600K
  class space    used 18692K, capacity 20735K, committed 20736K, reserved 1048576K
}
Event: 8650.218 GC heap before
{Heap before GC invocations=73 (full 7):
 PSYoungGen      total 411136K, used 318352K [0x00000000e0000000, 0x00000000ff680000, 0x0000000100000000)
  eden space 304640K, 100% used [0x00000000e0000000,0x00000000f2980000,0x00000000f2980000)
  from space 106496K, 12% used [0x00000000f2980000,0x00000000f36e4010,0x00000000f9180000)
  to   space 102912K, 0% used [0x00000000f9200000,0x00000000f9200000,0x00000000ff680000)
 ParOldGen       total 523264K, used 407915K [0x00000000a0000000, 0x00000000bff00000, 0x00000000e0000000)
  object space 523264K, 77% used [0x00000000a0000000,0x00000000b8e5aeb8,0x00000000bff00000)
 Metaspace       used 144585K, capacity 152870K, committed 152960K, reserved 1181696K
  class space    used 19057K, capacity 21097K, committed 21120K, reserved 1048576K
Event: 8650.258 GC heap after
Heap after GC invocations=73 (full 7):
 PSYoungGen      total 412672K, used 38136K [0x00000000e0000000, 0x00000000ff280000, 0x0000000100000000)
  eden space 313856K, 0% used [0x00000000e0000000,0x00000000e0000000,0x00000000f3280000)
  from space 98816K, 38% used [0x00000000f9200000,0x00000000fb73e2b8,0x00000000ff280000)
  to   space 97792K, 0% used [0x00000000f3280000,0x00000000f3280000,0x00000000f9200000)
 ParOldGen       total 523264K, used 410957K [0x00000000a0000000, 0x00000000bff00000, 0x00000000e0000000)
  object space 523264K, 78% used [0x00000000a0000000,0x00000000b91534c0,0x00000000bff00000)
 Metaspace       used 144585K, capacity 152870K, committed 152960K, reserved 1181696K
  class space    used 19057K, capacity 21097K, committed 21120K, reserved 1048576K
}
Event: 8650.871 GC heap before
{Heap before GC invocations=74 (full 7):
 PSYoungGen      total 412672K, used 351974K [0x00000000e0000000, 0x00000000ff280000, 0x0000000100000000)
  eden space 313856K, 99% used [0x00000000e0000000,0x00000000f327b588,0x00000000f3280000)
  from space 98816K, 38% used [0x00000000f9200000,0x00000000fb73e2b8,0x00000000ff280000)
  to   space 97792K, 0% used [0x00000000f3280000,0x00000000f3280000,0x00000000f9200000)
 ParOldGen       total 523264K, used 410957K [0x00000000a0000000, 0x00000000bff00000, 0x00000000e0000000)
  object space 523264K, 78% used [0x00000000a0000000,0x00000000b91534c0,0x00000000bff00000)
 Metaspace       used 144606K, capacity 152876K, committed 152960K, reserved 1181696K
  class space    used 19059K, capacity 21098K, committed 21120K, reserved 1048576K
Event: 8651.131 GC heap after
Heap after GC invocations=74 (full 7):
 PSYoungGen      total 411648K, used 58935K [0x00000000e0000000, 0x0000000100000000, 0x0000000100000000)
  eden space 313856K, 0% used [0x00000000e0000000,0x00000000e0000000,0x00000000f3280000)
  from space 97792K, 60% used [0x00000000f3280000,0x00000000f6c0dcd8,0x00000000f9200000)
  to   space 100864K, 0% used [0x00000000f9d80000,0x00000000f9d80000,0x0000000100000000)
 ParOldGen       total 523264K, used 443445K [0x00000000a0000000, 0x00000000bff00000, 0x00000000e0000000)
  object space 523264K, 84% used [0x00000000a0000000,0x00000000bb10d700,0x00000000bff00000)
 Metaspace       used 144606K, capacity 152876K, committed 152960K, reserved 1181696K
  class space    used 19059K, capacity 21098K, committed 21120K, reserved 1048576K
}
Event: 8651.982 GC heap before
{Heap before GC invocations=75 (full 7):
 PSYoungGen      total 411648K, used 372791K [0x00000000e0000000, 0x0000000100000000, 0x0000000100000000)
  eden space 313856K, 100% used [0x00000000e0000000,0x00000000f3280000,0x00000000f3280000)
  from space 97792K, 60% used [0x00000000f3280000,0x00000000f6c0dcd8,0x00000000f9200000)
  to   space 100864K, 0% used [0x00000000f9d80000,0x00000000f9d80000,0x0000000100000000)
 ParOldGen       total 523264K, used 443445K [0x00000000a0000000, 0x00000000bff00000, 0x00000000e0000000)
  object space 523264K, 84% used [0x00000000a0000000,0x00000000bb10d700,0x00000000bff00000)
 Metaspace       used 144881K, capacity 153224K, committed 153344K, reserved 1181696K
  class space    used 19096K, capacity 21160K, committed 21248K, reserved 1048576K
Event: 8652.231 GC heap after
Heap after GC invocations=75 (full 7):
 PSYoungGen      total 409088K, used 72940K [0x00000000e0000000, 0x0000000100000000, 0x0000000100000000)
  eden space 308224K, 0% used [0x00000000e0000000,0x00000000e0000000,0x00000000f2d00000)
  from space 100864K, 72% used [0x00000000f9d80000,0x00000000fe4bb240,0x0000000100000000)
  to   space 108032K, 0% used [0x00000000f2d00000,0x00000000f2d00000,0x00000000f9680000)
 ParOldGen       total 523264K, used 499105K [0x00000000a0000000, 0x00000000bff00000, 0x00000000e0000000)
  object space 523264K, 95% used [0x00000000a0000000,0x00000000be768628,0x00000000bff00000)
 Metaspace       used 144881K, capacity 153224K, committed 153344K, reserved 1181696K
  class space    used 19096K, capacity 21160K, committed 21248K, reserved 1048576K
}
Event: 8652.232 GC heap before
{Heap before GC invocations=76 (full 8):
 PSYoungGen      total 409088K, used 72940K [0x00000000e0000000, 0x0000000100000000, 0x0000000100000000)
  eden space 308224K, 0% used [0x00000000e0000000,0x00000000e0000000,0x00000000f2d00000)
  from space 100864K, 72% used [0x00000000f9d80000,0x00000000fe4bb240,0x0000000100000000)
  to   space 108032K, 0% used [0x00000000f2d00000,0x00000000f2d00000,0x00000000f9680000)
 ParOldGen       total 523264K, used 499105K [0x00000000a0000000, 0x00000000bff00000, 0x00000000e0000000)
  object space 523264K, 95% used [0x00000000a0000000,0x00000000be768628,0x00000000bff00000)
 Metaspace       used 144881K, capacity 153224K, committed 153344K, reserved 1181696K
  class space    used 19096K, capacity 21160K, committed 21248K, reserved 1048576K

